<?xml version="1.0" encoding="UTF-8"?>
<!-- Generated by org.testng.reporters.JUnitXMLReporter -->
<testsuite hostname="DESKTOP-S75SKH7" ignored="0" name="Test" tests="2" failures="0" timestamp="2022-08-20T17:21:13 PKT" time="0.112" errors="0">
  <testcase name="@BeforeTest launchBroswer" time="-1.660998073081E9" classname="Verify.Element.com.LoginWithMultipleSetData">
    <failure type="org.testng.TestNGException" message="
Parameter &amp;apos;broswerName&amp;apos; is required by BeforeTest on method launchBroswer but has not been marked @Optional or defined
in E:\eclipse-workspace\Element.com\testng1.xml">
      <![CDATA[org.testng.TestNGException: 
Parameter 'broswerName' is required by BeforeTest on method launchBroswer but has not been marked @Optional or defined
in E:\eclipse-workspace\Element.com\testng1.xml
... Removed 21 stack frames]]>
    </failure>
  </testcase> <!-- @BeforeTest launchBroswer -->
  <testcase name="@AfterTest terminateBrowser" time="-1.66099807318E9" classname="Verify.Element.com.LoginWithMultipleSetData">
    <skipped/>
  </testcase> <!-- @AfterTest terminateBrowser -->
  <testcase name="Add_To_Cart" time="0.0" classname="Verify.Element.com.LoginWithMultipleSetData">
    <skipped/>
  </testcase> <!-- Add_To_Cart -->
  <testcase name="verifylogincredentials" time="0.0" classname="Verify.Element.com.LoginWithMultipleSetData">
    <skipped/>
  </testcase> <!-- verifylogincredentials -->
</testsuite> <!-- Test -->
